This file contains any messages produced by compilers while
running configure, to aid debugging if configure makes a mistake.

It was created by xsltest configure 0.1, which was
generated by GNU Autoconf 2.69.  Invocation command line was

  $ ./configure --prefix=/opt/turboxsl/ --exec-prefix=/opt/turboxsl/

## --------- ##
## Platform. ##
## --------- ##

hostname = void
uname -m = x86_64
uname -r = 3.13.0-29-generic
uname -s = Linux
uname -v = #53-Ubuntu SMP Wed Jun 4 21:00:20 UTC 2014

/usr/bin/uname -p = unknown
/bin/uname -X     = unknown

/bin/arch              = unknown
/usr/bin/arch -k       = unknown
/usr/convex/getsysinfo = unknown
/usr/bin/hostinfo      = unknown
/bin/machine           = unknown
/usr/bin/oslevel       = unknown
/bin/universe          = unknown

PATH: /usr/lib/lightdm/lightdm
PATH: /usr/local/sbin
PATH: /usr/local/bin
PATH: /usr/sbin
PATH: /usr/bin
PATH: /sbin
PATH: /bin
PATH: /usr/games
PATH: /usr/local/games


## ----------- ##
## Core tests. ##
## ----------- ##

configure:2171: checking for a BSD-compatible install
configure:2239: result: /usr/bin/install -c
configure:2250: checking whether build environment is sane
configure:2305: result: yes
configure:2343: WARNING: 'missing' script is too old or missing
configure:2456: checking for a thread-safe mkdir -p
configure:2495: result: /bin/mkdir -p
configure:2502: checking for gawk
configure:2532: result: no
configure:2502: checking for mawk
configure:2518: found /usr/bin/mawk
configure:2529: result: mawk
configure:2540: checking whether make sets $(MAKE)
configure:2562: result: yes
configure:2591: checking whether make supports nested variables
configure:2608: result: yes
configure:2736: checking whether to enable maintainer-specific portions of Makefiles
configure:2745: result: no
configure:2772: checking for style of include used by make
configure:2800: result: GNU
configure:2871: checking for gcc
configure:2887: found /usr/bin/gcc
configure:2898: result: gcc
configure:3127: checking for C compiler version
configure:3136: gcc --version >&5
gcc-4.8.real (Ubuntu 4.8.2-19ubuntu1) 4.8.2
Copyright (C) 2013 Free Software Foundation, Inc.
This is free software; see the source for copying conditions.  There is NO
warranty; not even for MERCHANTABILITY or FITNESS FOR A PARTICULAR PURPOSE.

configure:3147: $? = 0
configure:3136: gcc -v >&5
Using built-in specs.
COLLECT_GCC=/usr/bin/gcc-4.8.real
COLLECT_LTO_WRAPPER=/usr/lib/gcc/x86_64-linux-gnu/4.8/lto-wrapper
Target: x86_64-linux-gnu
Configured with: ../src/configure -v --with-pkgversion='Ubuntu 4.8.2-19ubuntu1' --with-bugurl=file:///usr/share/doc/gcc-4.8/README.Bugs --enable-languages=c,c++,java,go,d,fortran,objc,obj-c++ --prefix=/usr --program-suffix=-4.8 --enable-shared --enable-linker-build-id --libexecdir=/usr/lib --without-included-gettext --enable-threads=posix --with-gxx-include-dir=/usr/include/c++/4.8 --libdir=/usr/lib --enable-nls --with-sysroot=/ --enable-clocale=gnu --enable-libstdcxx-debug --enable-libstdcxx-time=yes --enable-gnu-unique-object --disable-libmudflap --enable-plugin --with-system-zlib --disable-browser-plugin --enable-java-awt=gtk --enable-gtk-cairo --with-java-home=/usr/lib/jvm/java-1.5.0-gcj-4.8-amd64/jre --enable-java-home --with-jvm-root-dir=/usr/lib/jvm/java-1.5.0-gcj-4.8-amd64 --with-jvm-jar-dir=/usr/lib/jvm-exports/java-1.5.0-gcj-4.8-amd64 --with-arch-directory=amd64 --with-ecj-jar=/usr/share/java/eclipse-ecj.jar --enable-objc-gc --enable-multiarch --disable-werror --with-arch-32=i686 --with-abi=m64 --with-multilib-list=m32,m64,mx32 --with-tune=generic --enable-checking=release --build=x86_64-linux-gnu --host=x86_64-linux-gnu --target=x86_64-linux-gnu
Thread model: posix
gcc version 4.8.2 (Ubuntu 4.8.2-19ubuntu1) 
configure:3147: $? = 0
configure:3136: gcc -V >&5
gcc-4.8.real: error: unrecognized command line option '-V'
gcc-4.8.real: fatal error: no input files
compilation terminated.
configure:3147: $? = 4
configure:3136: gcc -qversion >&5
gcc-4.8.real: error: unrecognized command line option '-qversion'
gcc-4.8.real: fatal error: no input files
compilation terminated.
configure:3147: $? = 4
configure:3167: checking whether the C compiler works
configure:3189: gcc    conftest.c  >&5
configure:3193: $? = 0
configure:3241: result: yes
configure:3244: checking for C compiler default output file name
configure:3246: result: a.out
configure:3252: checking for suffix of executables
configure:3259: gcc -o conftest    conftest.c  >&5
configure:3263: $? = 0
configure:3285: result: 
configure:3307: checking whether we are cross compiling
configure:3315: gcc -o conftest    conftest.c  >&5
configure:3319: $? = 0
configure:3326: ./conftest
configure:3330: $? = 0
configure:3345: result: no
configure:3350: checking for suffix of object files
configure:3372: gcc -c   conftest.c >&5
configure:3376: $? = 0
configure:3397: result: o
configure:3401: checking whether we are using the GNU C compiler
configure:3420: gcc -c   conftest.c >&5
configure:3420: $? = 0
configure:3429: result: yes
configure:3438: checking whether gcc accepts -g
configure:3458: gcc -c -g  conftest.c >&5
configure:3458: $? = 0
configure:3499: result: yes
configure:3516: checking for gcc option to accept ISO C89
configure:3579: gcc  -c -g -O2  conftest.c >&5
configure:3579: $? = 0
configure:3592: result: none needed
configure:3617: checking whether gcc understands -c and -o together
configure:3639: gcc -c conftest.c -o conftest2.o
configure:3642: $? = 0
configure:3639: gcc -c conftest.c -o conftest2.o
configure:3642: $? = 0
configure:3654: result: yes
configure:3673: checking dependency style of gcc
configure:3784: result: gcc3
configure:3800: checking for library containing strerror
configure:3831: gcc -o conftest -g -O2   conftest.c  >&5
configure:3831: $? = 0
configure:3848: result: none required
configure:3904: checking for gcc
configure:3931: result: gcc
configure:4160: checking for C compiler version
configure:4169: gcc --version >&5
gcc-4.8.real (Ubuntu 4.8.2-19ubuntu1) 4.8.2
Copyright (C) 2013 Free Software Foundation, Inc.
This is free software; see the source for copying conditions.  There is NO
warranty; not even for MERCHANTABILITY or FITNESS FOR A PARTICULAR PURPOSE.

configure:4180: $? = 0
configure:4169: gcc -v >&5
Using built-in specs.
COLLECT_GCC=/usr/bin/gcc-4.8.real
COLLECT_LTO_WRAPPER=/usr/lib/gcc/x86_64-linux-gnu/4.8/lto-wrapper
Target: x86_64-linux-gnu
Configured with: ../src/configure -v --with-pkgversion='Ubuntu 4.8.2-19ubuntu1' --with-bugurl=file:///usr/share/doc/gcc-4.8/README.Bugs --enable-languages=c,c++,java,go,d,fortran,objc,obj-c++ --prefix=/usr --program-suffix=-4.8 --enable-shared --enable-linker-build-id --libexecdir=/usr/lib --without-included-gettext --enable-threads=posix --with-gxx-include-dir=/usr/include/c++/4.8 --libdir=/usr/lib --enable-nls --with-sysroot=/ --enable-clocale=gnu --enable-libstdcxx-debug --enable-libstdcxx-time=yes --enable-gnu-unique-object --disable-libmudflap --enable-plugin --with-system-zlib --disable-browser-plugin --enable-java-awt=gtk --enable-gtk-cairo --with-java-home=/usr/lib/jvm/java-1.5.0-gcj-4.8-amd64/jre --enable-java-home --with-jvm-root-dir=/usr/lib/jvm/java-1.5.0-gcj-4.8-amd64 --with-jvm-jar-dir=/usr/lib/jvm-exports/java-1.5.0-gcj-4.8-amd64 --with-arch-directory=amd64 --with-ecj-jar=/usr/share/java/eclipse-ecj.jar --enable-objc-gc --enable-multiarch --disable-werror --with-arch-32=i686 --with-abi=m64 --with-multilib-list=m32,m64,mx32 --with-tune=generic --enable-checking=release --build=x86_64-linux-gnu --host=x86_64-linux-gnu --target=x86_64-linux-gnu
Thread model: posix
gcc version 4.8.2 (Ubuntu 4.8.2-19ubuntu1) 
configure:4180: $? = 0
configure:4169: gcc -V >&5
gcc-4.8.real: error: unrecognized command line option '-V'
gcc-4.8.real: fatal error: no input files
compilation terminated.
configure:4180: $? = 4
configure:4169: gcc -qversion >&5
gcc-4.8.real: error: unrecognized command line option '-qversion'
gcc-4.8.real: fatal error: no input files
compilation terminated.
configure:4180: $? = 4
configure:4184: checking whether we are using the GNU C compiler
configure:4212: result: yes
configure:4221: checking whether gcc accepts -g
configure:4282: result: yes
configure:4299: checking for gcc option to accept ISO C89
configure:4375: result: none needed
configure:4400: checking whether gcc understands -c and -o together
configure:4437: result: yes
configure:4456: checking dependency style of gcc
configure:4567: result: gcc3
configure:4630: checking for gcc
configure:4657: result: gcc
configure:4886: checking for C compiler version
configure:4895: gcc --version >&5
gcc-4.8.real (Ubuntu 4.8.2-19ubuntu1) 4.8.2
Copyright (C) 2013 Free Software Foundation, Inc.
This is free software; see the source for copying conditions.  There is NO
warranty; not even for MERCHANTABILITY or FITNESS FOR A PARTICULAR PURPOSE.

configure:4906: $? = 0
configure:4895: gcc -v >&5
Using built-in specs.
COLLECT_GCC=/usr/bin/gcc-4.8.real
COLLECT_LTO_WRAPPER=/usr/lib/gcc/x86_64-linux-gnu/4.8/lto-wrapper
Target: x86_64-linux-gnu
Configured with: ../src/configure -v --with-pkgversion='Ubuntu 4.8.2-19ubuntu1' --with-bugurl=file:///usr/share/doc/gcc-4.8/README.Bugs --enable-languages=c,c++,java,go,d,fortran,objc,obj-c++ --prefix=/usr --program-suffix=-4.8 --enable-shared --enable-linker-build-id --libexecdir=/usr/lib --without-included-gettext --enable-threads=posix --with-gxx-include-dir=/usr/include/c++/4.8 --libdir=/usr/lib --enable-nls --with-sysroot=/ --enable-clocale=gnu --enable-libstdcxx-debug --enable-libstdcxx-time=yes --enable-gnu-unique-object --disable-libmudflap --enable-plugin --with-system-zlib --disable-browser-plugin --enable-java-awt=gtk --enable-gtk-cairo --with-java-home=/usr/lib/jvm/java-1.5.0-gcj-4.8-amd64/jre --enable-java-home --with-jvm-root-dir=/usr/lib/jvm/java-1.5.0-gcj-4.8-amd64 --with-jvm-jar-dir=/usr/lib/jvm-exports/java-1.5.0-gcj-4.8-amd64 --with-arch-directory=amd64 --with-ecj-jar=/usr/share/java/eclipse-ecj.jar --enable-objc-gc --enable-multiarch --disable-werror --with-arch-32=i686 --with-abi=m64 --with-multilib-list=m32,m64,mx32 --with-tune=generic --enable-checking=release --build=x86_64-linux-gnu --host=x86_64-linux-gnu --target=x86_64-linux-gnu
Thread model: posix
gcc version 4.8.2 (Ubuntu 4.8.2-19ubuntu1) 
configure:4906: $? = 0
configure:4895: gcc -V >&5
gcc-4.8.real: error: unrecognized command line option '-V'
gcc-4.8.real: fatal error: no input files
compilation terminated.
configure:4906: $? = 4
configure:4895: gcc -qversion >&5
gcc-4.8.real: error: unrecognized command line option '-qversion'
gcc-4.8.real: fatal error: no input files
compilation terminated.
configure:4906: $? = 4
configure:4910: checking whether we are using the GNU C compiler
configure:4938: result: yes
configure:4947: checking whether gcc accepts -g
configure:5008: result: yes
configure:5025: checking for gcc option to accept ISO C89
configure:5101: result: none needed
configure:5126: checking whether gcc understands -c and -o together
configure:5163: result: yes
configure:5182: checking dependency style of gcc
configure:5293: result: gcc3
configure:5315: checking how to run the C preprocessor
configure:5346: gcc -E  conftest.c
configure:5346: $? = 0
configure:5360: gcc -E  conftest.c
conftest.c:11:28: fatal error: ac_nonexistent.h: No such file or directory
 #include <ac_nonexistent.h>
                            ^
compilation terminated.
configure:5360: $? = 1
configure: failed program was:
| /* confdefs.h */
| #define PACKAGE_NAME "xsltest"
| #define PACKAGE_TARNAME "xsltest"
| #define PACKAGE_VERSION "0.1"
| #define PACKAGE_STRING "xsltest 0.1"
| #define PACKAGE_BUGREPORT ""
| #define PACKAGE_URL ""
| #define PACKAGE "xsltest"
| #define VERSION "0.1"
| /* end confdefs.h.  */
| #include <ac_nonexistent.h>
configure:5385: result: gcc -E
configure:5405: gcc -E  conftest.c
configure:5405: $? = 0
configure:5419: gcc -E  conftest.c
conftest.c:11:28: fatal error: ac_nonexistent.h: No such file or directory
 #include <ac_nonexistent.h>
                            ^
compilation terminated.
configure:5419: $? = 1
configure: failed program was:
| /* confdefs.h */
| #define PACKAGE_NAME "xsltest"
| #define PACKAGE_TARNAME "xsltest"
| #define PACKAGE_VERSION "0.1"
| #define PACKAGE_STRING "xsltest 0.1"
| #define PACKAGE_BUGREPORT ""
| #define PACKAGE_URL ""
| #define PACKAGE "xsltest"
| #define VERSION "0.1"
| /* end confdefs.h.  */
| #include <ac_nonexistent.h>
configure:5448: checking for grep that handles long lines and -e
configure:5506: result: /bin/grep
configure:5511: checking for egrep
configure:5573: result: /bin/grep -E
configure:5578: checking for ANSI C header files
configure:5598: gcc -c -g -O2  conftest.c >&5
configure:5598: $? = 0
configure:5671: gcc -o conftest -g -O2   conftest.c  >&5
configure:5671: $? = 0
configure:5671: ./conftest
configure:5671: $? = 0
configure:5682: result: yes
configure:5719: checking build system type
configure:5733: result: x86_64-unknown-linux-gnu
configure:5753: checking host system type
configure:5766: result: x86_64-unknown-linux-gnu
configure:5807: checking how to print strings
configure:5834: result: printf
configure:5855: checking for a sed that does not truncate output
configure:5919: result: /bin/sed
configure:5937: checking for fgrep
configure:5999: result: /bin/grep -F
configure:6034: checking for ld used by gcc
configure:6101: result: /usr/bin/ld
configure:6108: checking if the linker (/usr/bin/ld) is GNU ld
configure:6123: result: yes
configure:6135: checking for BSD- or MS-compatible name lister (nm)
configure:6184: result: /usr/bin/nm -B
configure:6314: checking the name lister (/usr/bin/nm -B) interface
configure:6321: gcc -c -g -O2  conftest.c >&5
configure:6324: /usr/bin/nm -B "conftest.o"
configure:6327: output
0000000000000000 B some_variable
configure:6334: result: BSD nm
configure:6337: checking whether ln -s works
configure:6341: result: yes
configure:6349: checking the maximum length of command line arguments
configure:6480: result: 1572864
configure:6497: checking whether the shell understands some XSI constructs
configure:6507: result: yes
configure:6511: checking whether the shell understands "+="
configure:6517: result: yes
configure:6552: checking how to convert x86_64-unknown-linux-gnu file names to x86_64-unknown-linux-gnu format
configure:6592: result: func_convert_file_noop
configure:6599: checking how to convert x86_64-unknown-linux-gnu file names to toolchain format
configure:6619: result: func_convert_file_noop
configure:6626: checking for /usr/bin/ld option to reload object files
configure:6633: result: -r
configure:6707: checking for objdump
configure:6723: found /usr/bin/objdump
configure:6734: result: objdump
configure:6766: checking how to recognize dependent libraries
configure:6964: result: pass_all
configure:7049: checking for dlltool
configure:7079: result: no
configure:7109: checking how to associate runtime and link libraries
configure:7136: result: printf %s\n
configure:7196: checking for ar
configure:7212: found /usr/bin/ar
configure:7223: result: ar
configure:7260: checking for archiver @FILE support
configure:7277: gcc -c -g -O2  conftest.c >&5
configure:7277: $? = 0
configure:7280: ar cru libconftest.a @conftest.lst >&5
configure:7283: $? = 0
configure:7288: ar cru libconftest.a @conftest.lst >&5
ar: conftest.o: No such file or directory
configure:7291: $? = 1
configure:7303: result: @
configure:7361: checking for strip
configure:7377: found /usr/bin/strip
configure:7388: result: strip
configure:7460: checking for ranlib
configure:7476: found /usr/bin/ranlib
configure:7487: result: ranlib
configure:7589: checking command to parse /usr/bin/nm -B output from gcc object
configure:7709: gcc -c -g -O2  conftest.c >&5
configure:7712: $? = 0
configure:7716: /usr/bin/nm -B conftest.o \| sed -n -e 's/^.*[ ]\([ABCDGIRSTW][ABCDGIRSTW]*\)[ ][ ]*\([_A-Za-z][_A-Za-z0-9]*\)$/\1 \2 \2/p' | sed '/ __gnu_lto/d' \> conftest.nm
configure:7719: $? = 0
configure:7785: gcc -o conftest -g -O2   conftest.c conftstm.o >&5
configure:7788: $? = 0
configure:7826: result: ok
configure:7863: checking for sysroot
configure:7893: result: no
configure:7970: gcc -c -g -O2  conftest.c >&5
configure:7973: $? = 0
configure:8162: checking for mt
configure:8178: found /bin/mt
configure:8189: result: mt
configure:8212: checking if mt is a manifest tool
configure:8218: mt '-?'
configure:8226: result: no
configure:8868: checking for sys/types.h
configure:8868: gcc -c -g -O2  conftest.c >&5
configure:8868: $? = 0
configure:8868: result: yes
configure:8868: checking for sys/stat.h
configure:8868: gcc -c -g -O2  conftest.c >&5
configure:8868: $? = 0
configure:8868: result: yes
configure:8868: checking for stdlib.h
configure:8868: gcc -c -g -O2  conftest.c >&5
configure:8868: $? = 0
configure:8868: result: yes
configure:8868: checking for string.h
configure:8868: gcc -c -g -O2  conftest.c >&5
configure:8868: $? = 0
configure:8868: result: yes
configure:8868: checking for memory.h
configure:8868: gcc -c -g -O2  conftest.c >&5
configure:8868: $? = 0
configure:8868: result: yes
configure:8868: checking for strings.h
configure:8868: gcc -c -g -O2  conftest.c >&5
configure:8868: $? = 0
configure:8868: result: yes
configure:8868: checking for inttypes.h
configure:8868: gcc -c -g -O2  conftest.c >&5
configure:8868: $? = 0
configure:8868: result: yes
configure:8868: checking for stdint.h
configure:8868: gcc -c -g -O2  conftest.c >&5
configure:8868: $? = 0
configure:8868: result: yes
configure:8868: checking for unistd.h
configure:8868: gcc -c -g -O2  conftest.c >&5
configure:8868: $? = 0
configure:8868: result: yes
configure:8882: checking for dlfcn.h
configure:8882: gcc -c -g -O2  conftest.c >&5
configure:8882: $? = 0
configure:8882: result: yes
configure:9088: checking for objdir
configure:9103: result: .libs
configure:9370: checking if gcc supports -fno-rtti -fno-exceptions
configure:9388: gcc -c -g -O2  -fno-rtti -fno-exceptions conftest.c >&5
cc1: warning: command line option '-fno-rtti' is valid for C++/ObjC++ but not for C [enabled by default]
configure:9392: $? = 0
configure:9405: result: no
configure:9732: checking for gcc option to produce PIC
configure:9739: result: -fPIC -DPIC
configure:9747: checking if gcc PIC flag -fPIC -DPIC works
configure:9765: gcc -c -g -O2  -fPIC -DPIC -DPIC conftest.c >&5
configure:9769: $? = 0
configure:9782: result: yes
configure:9811: checking if gcc static flag -static works
configure:9839: result: yes
configure:9854: checking if gcc supports -c -o file.o
configure:9875: gcc -c -g -O2  -o out/conftest2.o conftest.c >&5
configure:9879: $? = 0
configure:9901: result: yes
configure:9909: checking if gcc supports -c -o file.o
configure:9956: result: yes
configure:9989: checking whether the gcc linker (/usr/bin/ld -m elf_x86_64) supports shared libraries
configure:11146: result: yes
configure:11183: checking whether -lc should be explicitly linked in
configure:11191: gcc -c -g -O2  conftest.c >&5
configure:11194: $? = 0
configure:11209: gcc -shared  -fPIC -DPIC conftest.o  -v -Wl,-soname -Wl,conftest -o conftest 2\>\&1 \| /bin/grep  -lc  \>/dev/null 2\>\&1
configure:11212: $? = 0
configure:11226: result: no
configure:11386: checking dynamic linker characteristics
configure:11886: gcc -o conftest -g -O2   -Wl,-rpath -Wl,/foo conftest.c  >&5
configure:11886: $? = 0
configure:12120: result: GNU/Linux ld.so
configure:12227: checking how to hardcode library paths into programs
configure:12252: result: immediate
configure:12792: checking whether stripping libraries is possible
configure:12797: result: yes
configure:12832: checking if libtool supports shared libraries
configure:12834: result: yes
configure:12837: checking whether to build shared libraries
configure:12858: result: yes
configure:12861: checking whether to build static libraries
configure:12865: result: yes
configure:13031: checking that generated files are newer than configure
configure:13037: result: done
configure:13072: creating ./config.status

## ---------------------- ##
## Running config.status. ##
## ---------------------- ##

This file was extended by xsltest config.status 0.1, which was
generated by GNU Autoconf 2.69.  Invocation command line was

  CONFIG_FILES    = 
  CONFIG_HEADERS  = 
  CONFIG_LINKS    = 
  CONFIG_COMMANDS = 
  $ ./config.status 

on void

config.status:1098: creating Makefile
config.status:1098: creating libturboxsl.pc
config.status:1098: creating src/Makefile
config.status:1098: creating turboxsl-config
config.status:1098: creating xsltproc/Makefile
config.status:1098: creating tests/Makefile
config.status:1098: creating tests/general/Makefile
config.status:1098: creating tests/unsupported/Makefile
config.status:1098: creating tests/docs/Makefile
config.status:1098: creating config.h
config.status:1279: config.h is unchanged
config.status:1327: executing depfiles commands
config.status:1327: executing libtool commands

## ---------------- ##
## Cache variables. ##
## ---------------- ##

ac_cv_build=x86_64-unknown-linux-gnu
ac_cv_c_compiler_gnu=yes
ac_cv_env_CC_set=
ac_cv_env_CC_value=
ac_cv_env_CFLAGS_set=
ac_cv_env_CFLAGS_value=
ac_cv_env_CPPFLAGS_set=
ac_cv_env_CPPFLAGS_value=
ac_cv_env_CPP_set=
ac_cv_env_CPP_value=
ac_cv_env_LDFLAGS_set=
ac_cv_env_LDFLAGS_value=
ac_cv_env_LIBS_set=
ac_cv_env_LIBS_value=
ac_cv_env_build_alias_set=
ac_cv_env_build_alias_value=
ac_cv_env_host_alias_set=
ac_cv_env_host_alias_value=
ac_cv_env_target_alias_set=
ac_cv_env_target_alias_value=
ac_cv_header_dlfcn_h=yes
ac_cv_header_inttypes_h=yes
ac_cv_header_memory_h=yes
ac_cv_header_stdc=yes
ac_cv_header_stdint_h=yes
ac_cv_header_stdlib_h=yes
ac_cv_header_string_h=yes
ac_cv_header_strings_h=yes
ac_cv_header_sys_stat_h=yes
ac_cv_header_sys_types_h=yes
ac_cv_header_unistd_h=yes
ac_cv_host=x86_64-unknown-linux-gnu
ac_cv_objext=o
ac_cv_path_EGREP='/bin/grep -E'
ac_cv_path_FGREP='/bin/grep -F'
ac_cv_path_GREP=/bin/grep
ac_cv_path_SED=/bin/sed
ac_cv_path_install='/usr/bin/install -c'
ac_cv_path_mkdir=/bin/mkdir
ac_cv_prog_AWK=mawk
ac_cv_prog_CPP='gcc -E'
ac_cv_prog_ac_ct_AR=ar
ac_cv_prog_ac_ct_CC=gcc
ac_cv_prog_ac_ct_MANIFEST_TOOL=mt
ac_cv_prog_ac_ct_OBJDUMP=objdump
ac_cv_prog_ac_ct_RANLIB=ranlib
ac_cv_prog_ac_ct_STRIP=strip
ac_cv_prog_cc_c89=
ac_cv_prog_cc_g=yes
ac_cv_prog_make_make_set=yes
ac_cv_search_strerror='none required'
am_cv_CC_dependencies_compiler_type=gcc3
am_cv_make_support_nested_variables=yes
am_cv_prog_cc_c_o=yes
am_cv_prog_cc_stdc=
lt_cv_ar_at_file=@
lt_cv_archive_cmds_need_lc=no
lt_cv_deplibs_check_method=pass_all
lt_cv_file_magic_cmd='$MAGIC_CMD'
lt_cv_file_magic_test_file=
lt_cv_ld_reload_flag=-r
lt_cv_nm_interface='BSD nm'
lt_cv_objdir=.libs
lt_cv_path_LD=/usr/bin/ld
lt_cv_path_NM='/usr/bin/nm -B'
lt_cv_path_mainfest_tool=no
lt_cv_prog_compiler_c_o=yes
lt_cv_prog_compiler_pic='-fPIC -DPIC'
lt_cv_prog_compiler_pic_works=yes
lt_cv_prog_compiler_rtti_exceptions=no
lt_cv_prog_compiler_static_works=yes
lt_cv_prog_gnu_ld=yes
lt_cv_sharedlib_from_linklib_cmd='printf %s\n'
lt_cv_shlibpath_overrides_runpath=no
lt_cv_sys_global_symbol_pipe='sed -n -e '\''s/^.*[	 ]\([ABCDGIRSTW][ABCDGIRSTW]*\)[	 ][	 ]*\([_A-Za-z][_A-Za-z0-9]*\)$/\1 \2 \2/p'\'' | sed '\''/ __gnu_lto/d'\'''
lt_cv_sys_global_symbol_to_c_name_address='sed -n -e '\''s/^: \([^ ]*\)[ ]*$/  {\"\1\", (void *) 0},/p'\'' -e '\''s/^[ABCDGIRSTW]* \([^ ]*\) \([^ ]*\)$/  {"\2", (void *) \&\2},/p'\'''
lt_cv_sys_global_symbol_to_c_name_address_lib_prefix='sed -n -e '\''s/^: \([^ ]*\)[ ]*$/  {\"\1\", (void *) 0},/p'\'' -e '\''s/^[ABCDGIRSTW]* \([^ ]*\) \(lib[^ ]*\)$/  {"\2", (void *) \&\2},/p'\'' -e '\''s/^[ABCDGIRSTW]* \([^ ]*\) \([^ ]*\)$/  {"lib\2", (void *) \&\2},/p'\'''
lt_cv_sys_global_symbol_to_cdecl='sed -n -e '\''s/^T .* \(.*\)$/extern int \1();/p'\'' -e '\''s/^[ABCDGIRSTW]* .* \(.*\)$/extern char \1;/p'\'''
lt_cv_sys_max_cmd_len=1572864
lt_cv_to_host_file_cmd=func_convert_file_noop
lt_cv_to_tool_file_cmd=func_convert_file_noop

## ----------------- ##
## Output variables. ##
## ----------------- ##

ACLOCAL='aclocal-1.14'
AMDEPBACKSLASH='\'
AMDEP_FALSE='#'
AMDEP_TRUE=''
AMTAR='$${TAR-tar}'
AM_BACKSLASH='\'
AM_DEFAULT_V='$(AM_DEFAULT_VERBOSITY)'
AM_DEFAULT_VERBOSITY='1'
AM_V='$(V)'
AR='ar'
AUTOCONF='autoconf'
AUTOHEADER='autoheader'
AUTOMAKE='automake-1.14'
AWK='mawk'
CC='gcc'
CCDEPMODE='depmode=gcc3'
CFLAGS='-g'
CLAGS=''
CPP='gcc -E'
CPPFLAGS='-g '
CXXFLAGS='-g -g '
CYGPATH_W='echo'
DEFS='-DHAVE_CONFIG_H'
DEPDIR='.deps'
DLLTOOL='false'
DSYMUTIL=''
DUMPBIN=''
ECHO_C=''
ECHO_N='-n'
ECHO_T=''
EGREP='/bin/grep -E'
EXEEXT=''
EXTRA_LIBS=''
FGREP='/bin/grep -F'
GREP='/bin/grep'
INSTALL_DATA='${INSTALL} -m 644'
INSTALL_PROGRAM='${INSTALL}'
INSTALL_SCRIPT='${INSTALL}'
INSTALL_STRIP_PROGRAM='$(install_sh) -c -s'
LD='/usr/bin/ld -m elf_x86_64'
LDFLAGS=''
LIBOBJS=''
LIBS=''
LIBTOOL='$(SHELL) $(top_builddir)/libtool'
LIPO=''
LN_S='ln -s'
LTLIBOBJS=''
MAINT='#'
MAINTAINER_MODE_FALSE=''
MAINTAINER_MODE_TRUE='#'
MAKEINFO='makeinfo'
MANIFEST_TOOL=':'
MKDIR_P='/bin/mkdir -p'
M_LIBS='-lpthread -lm'
NM='/usr/bin/nm -B'
NMEDIT=''
OBJDUMP='objdump'
OBJEXT='o'
OTOOL64=''
OTOOL=''
PACKAGE='xsltest'
PACKAGE_BUGREPORT=''
PACKAGE_NAME='xsltest'
PACKAGE_STRING='xsltest 0.1'
PACKAGE_TARNAME='xsltest'
PACKAGE_URL=''
PACKAGE_VERSION='0.1'
PATH_SEPARATOR=':'
RANLIB='ranlib'
SED='/bin/sed'
SET_MAKE=''
SHELL='/bin/bash'
STRIP='strip'
VERSION='0.1'
XSLT_INCLUDEDIR='-I${includedir}'
XSLT_LIBDIR='-L${libdir}'
XSLT_LIBS='-lturboxsl  -lpthread -lm'
ac_ct_AR='ar'
ac_ct_CC='gcc'
ac_ct_DUMPBIN=''
am__EXEEXT_FALSE=''
am__EXEEXT_TRUE='#'
am__fastdepCC_FALSE='#'
am__fastdepCC_TRUE=''
am__include='include'
am__isrc=''
am__leading_dot='.'
am__nodep='_no'
am__quote=''
am__tar='$${TAR-tar} chof - "$$tardir"'
am__untar='$${TAR-tar} xf -'
bindir='${exec_prefix}/bin'
build='x86_64-unknown-linux-gnu'
build_alias=''
build_cpu='x86_64'
build_os='linux-gnu'
build_vendor='unknown'
datadir='${datarootdir}'
datarootdir='${prefix}/share'
docdir='${datarootdir}/doc/${PACKAGE_TARNAME}'
dvidir='${docdir}'
exec_prefix='/opt/turboxsl'
host='x86_64-unknown-linux-gnu'
host_alias=''
host_cpu='x86_64'
host_os='linux-gnu'
host_vendor='unknown'
htmldir='${docdir}'
includedir='${prefix}/include'
infodir='${datarootdir}/info'
install_sh='${SHELL} /home/xaanady/Work/turboxsl/install-sh'
libdir='${exec_prefix}/lib'
libexecdir='${exec_prefix}/libexec'
localedir='${datarootdir}/locale'
localstatedir='${prefix}/var'
mandir='${datarootdir}/man'
mkdir_p='$(MKDIR_P)'
oldincludedir='/usr/include'
pdfdir='${docdir}'
prefix='/opt/turboxsl'
program_transform_name='s,x,x,'
psdir='${docdir}'
sbindir='${exec_prefix}/sbin'
sharedstatedir='${prefix}/com'
sysconfdir='${prefix}/etc'
target_alias=''

## ----------- ##
## confdefs.h. ##
## ----------- ##

/* confdefs.h */
#define PACKAGE_NAME "xsltest"
#define PACKAGE_TARNAME "xsltest"
#define PACKAGE_VERSION "0.1"
#define PACKAGE_STRING "xsltest 0.1"
#define PACKAGE_BUGREPORT ""
#define PACKAGE_URL ""
#define PACKAGE "xsltest"
#define VERSION "0.1"
#define STDC_HEADERS 1
#define HAVE_SYS_TYPES_H 1
#define HAVE_SYS_STAT_H 1
#define HAVE_STDLIB_H 1
#define HAVE_STRING_H 1
#define HAVE_MEMORY_H 1
#define HAVE_STRINGS_H 1
#define HAVE_INTTYPES_H 1
#define HAVE_STDINT_H 1
#define HAVE_UNISTD_H 1
#define HAVE_DLFCN_H 1
#define LT_OBJDIR ".libs/"

configure: exit 0
